# JRE version: Java(TM) SE Runtime Environment (8.0_101-b13) (build 1.8.0_101-b13)
# Java VM: Java HotSpot(TM) 64-Bit Server VM (25.101-b13 mixed mode windows-amd64 compressed oops)
Heap:
 PSYoungGen      total 172032K, used 132646K [0x00000000f5580000, 0x0000000100000000, 0x0000000100000000)
  eden space 169984K, 77% used [0x00000000f5580000,0x00000000fd581900,0x00000000ffb80000)
  from space 2048K, 76% used [0x00000000ffb80000,0x00000000ffd08000,0x00000000ffd80000)
  to   space 2048K, 0% used [0x00000000ffe00000,0x00000000ffe00000,0x0000000100000000)
 ParOldGen       total 87552K, used 1457K [0x00000000e0000000, 0x00000000e5580000, 0x00000000f5580000)
  object space 87552K, 1% used [0x00000000e0000000,0x00000000e016c4a0,0x00000000e5580000)
 Metaspace       used 5665K, capacity 5782K, committed 5888K, reserved 1056768K
  class space    used 634K, capacity 695K, committed 768K, reserved 1048576K
GC Heap History (10 events):
Event: 0.467 GC heap before
{Heap before GC invocations=5 (full 0):
 PSYoungGen      total 71680K, used 68240K [0x00000000f5580000, 0x00000000fa080000, 0x0000000100000000)
  eden space 66560K, 100% used [0x00000000f5580000,0x00000000f9680000,0x00000000f9680000)
  from space 5120K, 32% used [0x00000000f9b80000,0x00000000f9d24010,0x00000000fa080000)
  to   space 5120K, 0% used [0x00000000f9680000,0x00000000f9680000,0x00000000f9b80000)
 ParOldGen       total 87552K, used 16K [0x00000000e0000000, 0x00000000e5580000, 0x00000000f5580000)
  object space 87552K, 0% used [0x00000000e0000000,0x00000000e0004000,0x00000000e5580000)
 Metaspace       used 4258K, capacity 5108K, committed 5248K, reserved 1056768K
  class space    used 498K, capacity 560K, committed 640K, reserved 1048576K
Event: 0.468 GC heap after
Heap after GC invocations=5 (full 0):
 PSYoungGen      total 71680K, used 2112K [0x00000000f5580000, 0x00000000fdc80000, 0x0000000100000000)
  eden space 66560K, 0% used [0x00000000f5580000,0x00000000f5580000,0x00000000f9680000)
  from space 5120K, 41% used [0x00000000f9680000,0x00000000f9890020,0x00000000f9b80000)
  to   space 2560K, 0% used [0x00000000fda00000,0x00000000fda00000,0x00000000fdc80000)
 ParOldGen       total 87552K, used 16K [0x00000000e0000000, 0x00000000e5580000, 0x00000000f5580000)
  object space 87552K, 0% used [0x00000000e0000000,0x00000000e0004000,0x00000000e5580000)
 Metaspace       used 4258K, capacity 5108K, committed 5248K, reserved 1056768K
  class space    used 498K, capacity 560K, committed 640K, reserved 1048576K
}
Event: 0.492 GC heap before
{Heap before GC invocations=6 (full 0):
 PSYoungGen      total 71680K, used 68672K [0x00000000f5580000, 0x00000000fdc80000, 0x0000000100000000)
  eden space 66560K, 100% used [0x00000000f5580000,0x00000000f9680000,0x00000000f9680000)
  from space 5120K, 41% used [0x00000000f9680000,0x00000000f9890020,0x00000000f9b80000)
  to   space 2560K, 0% used [0x00000000fda00000,0x00000000fda00000,0x00000000fdc80000)
 ParOldGen       total 87552K, used 16K [0x00000000e0000000, 0x00000000e5580000, 0x00000000f5580000)
  object space 87552K, 0% used [0x00000000e0000000,0x00000000e0004000,0x00000000e5580000)
 Metaspace       used 4269K, capacity 5108K, committed 5248K, reserved 1056768K
  class space    used 499K, capacity 560K, committed 640K, reserved 1048576K
Event: 0.494 GC heap after
Heap after GC invocations=6 (full 0):
 PSYoungGen      total 135680K, used 1552K [0x00000000f5580000, 0x00000000fdc80000, 0x0000000100000000)
  eden space 133120K, 0% used [0x00000000f5580000,0x00000000f5580000,0x00000000fd780000)
  from space 2560K, 60% used [0x00000000fda00000,0x00000000fdb84010,0x00000000fdc80000)
  to   space 2560K, 0% used [0x00000000fd780000,0x00000000fd780000,0x00000000fda00000)
 ParOldGen       total 87552K, used 24K [0x00000000e0000000, 0x00000000e5580000, 0x00000000f5580000)
  object space 87552K, 0% used [0x00000000e0000000,0x00000000e0006000,0x00000000e5580000)
 Metaspace       used 4269K, capacity 5108K, committed 5248K, reserved 1056768K
  class space    used 499K, capacity 560K, committed 640K, reserved 1048576K
}
Event: 0.545 GC heap before
{Heap before GC invocations=7 (full 0):
 PSYoungGen      total 135680K, used 134672K [0x00000000f5580000, 0x00000000fdc80000, 0x0000000100000000)
  eden space 133120K, 100% used [0x00000000f5580000,0x00000000fd780000,0x00000000fd780000)
  from space 2560K, 60% used [0x00000000fda00000,0x00000000fdb84010,0x00000000fdc80000)
  to   space 2560K, 0% used [0x00000000fd780000,0x00000000fd780000,0x00000000fda00000)
 ParOldGen       total 87552K, used 24K [0x00000000e0000000, 0x00000000e5580000, 0x00000000f5580000)
  object space 87552K, 0% used [0x00000000e0000000,0x00000000e0006000,0x00000000e5580000)
 Metaspace       used 4269K, capacity 5108K, committed 5248K, reserved 1056768K
  class space    used 499K, capacity 560K, committed 640K, reserved 1048576K
Event: 0.546 GC heap after
Heap after GC invocations=7 (full 0):
 PSYoungGen      total 135680K, used 1536K [0x00000000f5580000, 0x0000000100000000, 0x0000000100000000)
  eden space 133120K, 0% used [0x00000000f5580000,0x00000000f5580000,0x00000000fd780000)
  from space 2560K, 60% used [0x00000000fd780000,0x00000000fd900000,0x00000000fda00000)
  to   space 2560K, 0% used [0x00000000ffd80000,0x00000000ffd80000,0x0000000100000000)
 ParOldGen       total 87552K, used 729K [0x00000000e0000000, 0x00000000e5580000, 0x00000000f5580000)
  object space 87552K, 0% used [0x00000000e0000000,0x00000000e00b64a0,0x00000000e5580000)
 Metaspace       used 4269K, capacity 5108K, committed 5248K, reserved 1056768K
  class space    used 499K, capacity 560K, committed 640K, reserved 1048576K
}
Event: 0.585 GC heap before
{Heap before GC invocations=8 (full 0):
 PSYoungGen      total 135680K, used 134656K [0x00000000f5580000, 0x0000000100000000, 0x0000000100000000)
  eden space 133120K, 100% used [0x00000000f5580000,0x00000000fd780000,0x00000000fd780000)
  from space 2560K, 60% used [0x00000000fd780000,0x00000000fd900000,0x00000000fda00000)
  to   space 2560K, 0% used [0x00000000ffd80000,0x00000000ffd80000,0x0000000100000000)
 ParOldGen       total 87552K, used 729K [0x00000000e0000000, 0x00000000e5580000, 0x00000000f5580000)
  object space 87552K, 0% used [0x00000000e0000000,0x00000000e00b64a0,0x00000000e5580000)
 Metaspace       used 4270K, capacity 5108K, committed 5248K, reserved 1056768K
  class space    used 499K, capacity 560K, committed 640K, reserved 1048576K
Event: 0.586 GC heap after
Heap after GC invocations=8 (full 0):
 PSYoungGen      total 171520K, used 1664K [0x00000000f5580000, 0x00000000fff80000, 0x0000000100000000)
  eden space 169472K, 0% used [0x00000000f5580000,0x00000000f5580000,0x00000000ffb00000)
  from space 2048K, 81% used [0x00000000ffd80000,0x00000000fff20000,0x00000000fff80000)
  to   space 2048K, 0% used [0x00000000ffb80000,0x00000000ffb80000,0x00000000ffd80000)
 ParOldGen       total 87552K, used 753K [0x00000000e0000000, 0x00000000e5580000, 0x00000000f5580000)
  object space 87552K, 0% used [0x00000000e0000000,0x00000000e00bc4a0,0x00000000e5580000)
 Metaspace       used 4270K, capacity 5108K, committed 5248K, reserved 1056768K
  class space    used 499K, capacity 560K, committed 640K, reserved 1048576K
}
Event: 0.646 GC heap before
{Heap before GC invocations=9 (full 0):
 PSYoungGen      total 171520K, used 171136K [0x00000000f5580000, 0x00000000fff80000, 0x0000000100000000)
  eden space 169472K, 100% used [0x00000000f5580000,0x00000000ffb00000,0x00000000ffb00000)
  from space 2048K, 81% used [0x00000000ffd80000,0x00000000fff20000,0x00000000fff80000)
  to   space 2048K, 0% used [0x00000000ffb80000,0x00000000ffb80000,0x00000000ffd80000)
 ParOldGen       total 87552K, used 753K [0x00000000e0000000, 0x00000000e5580000, 0x00000000f5580000)
  object space 87552K, 0% used [0x00000000e0000000,0x00000000e00bc4a0,0x00000000e5580000)
 Metaspace       used 4270K, capacity 5108K, committed 5248K, reserved 1056768K
  class space    used 499K, capacity 560K, committed 640K, reserved 1048576K
Event: 0.648 GC heap after
Heap after GC invocations=9 (full 0):
 PSYoungGen      total 172032K, used 1568K [0x00000000f5580000, 0x0000000100000000, 0x0000000100000000)
  eden space 169984K, 0% used [0x00000000f5580000,0x00000000f5580000,0x00000000ffb80000)
  from space 2048K, 76% used [0x00000000ffb80000,0x00000000ffd08000,0x00000000ffd80000)
  to   space 2048K, 0% used [0x00000000ffe00000,0x00000000ffe00000,0x0000000100000000)
 ParOldGen       total 87552K, used 1457K [0x00000000e0000000, 0x00000000e5580000, 0x00000000f5580000)
  object space 87552K, 1% used [0x00000000e0000000,0x00000000e016c4a0,0x00000000e5580000)
 Metaspace       used 4270K, capacity 5108K, committed 5248K, reserved 1056768K
  class space    used 499K, capacity 560K, committed 640K, reserved 1048576K
}

